<?xml version="1.0" encoding="UTF-8"?>
<!-- Generated by org.testng.reporters.JUnitReportReporter -->
<testsuite skipped="0" hostname="LAPTOP-IOG5EE2G" name="testPackage.TestClass" tests="1" failures="0" timestamp="02 Jul 2018 22:50:33 GMT" time="44.454" errors="0">
  <testcase name="ShareSkill" time="44.454" classname="testPackage.TestClass"/>
</testsuite> <!-- testPackage.TestClass -->
